[3/7/2020 13:58]: All logs wiped      By: <@408323172035985426>
[3/7/2020 14:52]: Created new logfile with name thecorvette_360      By: <@419106010234486784>
[3/7/2020 14:52]: Written data to thecorvette_360.json      By: <@419106010234486784>
[3/7/2020 15:45]: Created new logfile with name yllqr      By: <@508376553705701413>
[3/7/2020 15:45]: Written data to yllqr.json      By: <@508376553705701413>
[3/7/2020 18:23]: Written data to thecorvette_360.json      By: <@419106010234486784>
[3/7/2020 18:29]: Created new logfile with name Luuqx      By: <@429934843137097729>
[3/7/2020 18:29]: Written data to Luuqx.json      By: <@429934843137097729>
[3/7/2020 19:52]: Written data to thecorvette_360.json      By: <@419106010234486784>
[3/7/2020 20:15]: Created new logfile with name opbergla      By: <@284343118621573131>
[3/7/2020 20:15]: Written data to opbergla.json      By: <@284343118621573131>
[3/7/2020 20:18]: Written data to Luuqx.json      By: <@429934843137097729>
[3/7/2020 22:0]: Written data to opbergla.json      By: <@284343118621573131>
[3/7/2020 22:0]: Displayed time for opbergla      By: <@284343118621573131>
[3/7/2020 22:1]: Created new logfile with name beauehr      By: <@589010583785832450>
[3/7/2020 22:1]: Written data to beauehr.json      By: <@589010583785832450>
[3/7/2020 22:1]: Displayed time for beauehr      By: <@589010583785832450>
[3/7/2020 22:1]: Created new logfile with name 0      By: <@589010583785832450>
[3/7/2020 22:1]: Written data to 0.json      By: <@589010583785832450>
[3/7/2020 22:2]: Created new logfile with name Custom12345678910      By: <@433212858638008320>
[3/7/2020 22:2]: Written data to Custom12345678910.json      By: <@433212858638008320>
[3/7/2020 22:6]: Written data to Luuqx.json      By: <@429934843137097729>
[3/7/2020 22:6]: Displayed time for Luuqx      By: <@429934843137097729>
[3/7/2020 22:6]: Displayed patrollogs for Luuqx      By: <@429934843137097729>
[3/7/2020 22:22]: Displayed patrollogs for opbergla      By: <@419106010234486784>
[3/7/2020 22:22]: Entry deleted in opbergla's logs      By: <@419106010234486784>
[4/7/2020 10:17]: Written data to opbergla.json      By: <@284343118621573131>
[4/7/2020 15:39]: Written data to thecorvette_360.json      By: <@419106010234486784>
[4/7/2020 15:39]: Written data to Luuqx.json      By: <@429934843137097729>
[4/7/2020 16:52]: Written data to Luuqx.json      By: <@429934843137097729>
[4/7/2020 16:53]: Displayed time for Luuqx      By: <@429934843137097729>
[4/7/2020 18:52]: Displayed time for yllqr      By: <@508376553705701413>
[4/7/2020 18:52]: Written data to yllqr.json      By: <@508376553705701413>
[4/7/2020 18:53]: Written data to Custom12345678910.json      By: <@433212858638008320>
[4/7/2020 19:17]: Written data to Luuqx.json      By: <@429934843137097729>
[4/7/2020 22:44]: Created new logfile with name Folanty      By: <@572029166950809610>
[4/7/2020 22:44]: Written data to Folanty.json      By: <@572029166950809610>
[4/7/2020 22:44]: Displayed time for Folanty      By: <@572029166950809610>
[4/7/2020 22:46]: Displayed time for Custom12345678910      By: <@433212858638008320>
[5/7/2020 11:9]: Displayed all patrollogs      By: <@216120408393383936>
[5/7/2020 11:58]: Bot started up.
Prefix: !      By: System
[5/7/2020 11:58]: Could not set status.      By: System
[5/7/2020 13:15]: Written data to thecorvette_360.json      By: <@419106010234486784>
[5/7/2020 13:15]: Displayed time for thecorvette_360      By: <@419106010234486784>
[5/7/2020 13:24]: Bot started up.
Prefix: !      By: System
[5/7/2020 13:24]: Could not set status.      By: System
[5/7/2020 13:48]: Written data to Custom12345678910.json      By: <@433212858638008320>
[5/7/2020 14:25]: Created new logfile with name TemplarMyth      By: <@229278158707228674>
[5/7/2020 14:25]: Written data to TemplarMyth.json      By: <@229278158707228674>
[5/7/2020 14:26]: Displayed time for TemplarMyth      By: <@229278158707228674>
[5/7/2020 14:47]: Written data to yllqr.json      By: <@508376553705701413>
[5/7/2020 15:2]: Written data to Luuqx.json      By: <@429934843137097729>
[5/7/2020 15:3]: Written data to Folanty.json      By: <@572029166950809610>
[5/7/2020 16:36]: Written data to TemplarMyth.json      By: <@229278158707228674>
[5/7/2020 16:50]: Written data to thecorvette_360.json      By: <@419106010234486784>
[5/7/2020 16:55]: Written data to Custom12345678910.json      By: <@433212858638008320>
[5/7/2020 18:5]: Bot started up.
Prefix: !      By: System
[5/7/2020 18:5]: Could not set status.      By: System
[5/7/2020 18:24]: Written data to Luuqx.json      By: <@429934843137097729>
[5/7/2020 18:24]: Displayed time for Luuqx      By: <@429934843137097729>
[5/7/2020 18:54]: Written data to Custom12345678910.json      By: <@433212858638008320>
[5/7/2020 18:55]: Written data to Luuqx.json      By: <@429934843137097729>
[5/7/2020 18:55]: Written data to Folanty.json      By: <@572029166950809610>
[5/7/2020 19:13]: Written data to thecorvette_360.json      By: <@419106010234486784>
[5/7/2020 19:36]: Created new logfile with name Frietje17      By: <@471663824710270976>
[5/7/2020 19:36]: Written data to Frietje17.json      By: <@471663824710270976>
[5/7/2020 23:46]: Written data to Folanty.json      By: <@572029166950809610>
[5/7/2020 23:55]: Displayed all patrollogs      By: <@216120408393383936>
[6/7/2020 0:1]: Displayed time for 0      By: <@216120408393383936>
[6/7/2020 0:1]: Displayed patrollogs for 0      By: <@216120408393383936>
[6/7/2020 1:32]: Created new logfile with name iiKxrem67_BE      By: <@363643888759734273>
[6/7/2020 1:32]: Written data to iiKxrem67_BE.json      By: <@363643888759734273>
[6/7/2020 17:5]: Written data to Luuqx.json      By: <@429934843137097729>
[6/7/2020 18:51]: Written data to Luuqx.json      By: <@429934843137097729>
[6/7/2020 19:17]: Written data to Folanty.json      By: <@572029166950809610>
[6/7/2020 19:33]: Written data to Custom12345678910.json      By: <@433212858638008320>
[6/7/2020 19:41]: Written data to Folanty.json      By: <@572029166950809610>
[6/7/2020 19:43]: Written data to thecorvette_360.json      By: <@419106010234486784>
[6/7/2020 20:8]: Written data to yllqr.json      By: <@508376553705701413>
[6/7/2020 20:36]: Created new logfile with name ANDRIS1976      By: <@280410560452100096>
[6/7/2020 20:36]: Written data to ANDRIS1976.json      By: <@280410560452100096>
[6/7/2020 20:36]: Displayed time for ANDRIS1976      By: <@280410560452100096>
[6/7/2020 20:37]: Written data to ANDRIS1976.json      By: <@280410560452100096>
[6/7/2020 21:3]: Written data to Luuqx.json      By: <@429934843137097729>
[6/7/2020 21:4]: Written data to opbergla.json      By: <@284343118621573131>
[6/7/2020 21:22]: Written data to Luuqx.json      By: <@429934843137097729>
[6/7/2020 22:32]: Displayed all patrollogs      By: <@216120408393383936>
[6/7/2020 22:46]: Bot started up.
Prefix: !      By: System
[6/7/2020 22:46]: Could not set status.      By: System
[6/7/2020 22:47]: Displayed all patrollogs      By: <@216120408393383936>
[6/7/2020 22:47]: Displayed all patrollogs      By: <@216120408393383936>
[6/7/2020 22:47]: Displayed all patrollogs      By: <@216120408393383936>
[6/7/2020 22:47]: Bot started up.
Prefix: !      By: System
[6/7/2020 22:47]: Could not set status.      By: System
[6/7/2020 22:47]: Displayed all patrollogs      By: <@216120408393383936>
[6/7/2020 22:47]: Displayed all patrollogs      By: <@216120408393383936>
[13/11/2020 22:9]: Displayed all patrollogs      By: <@216120408393383936>
[13/11/2020 22:9]: Displayed patrollogs for yllqr      By: <@216120408393383936>
[13/11/2020 22:13]: Bot started up.
Prefix: .
PID: `14940`      By: System
[13/11/2020 22:13]: PLAYING: with {username}'s logs      By: System
[13/11/2020 22:13]: Displayed patrollogs for yllqr      By: <@216120408393383936>
[13/11/2020 22:16]: Written data to yllqr.json      By: <@216120408393383936>
[13/11/2020 22:16]: Displayed patrollogs for yllqr      By: <@216120408393383936>
[13/11/2020 22:17]: Bot started up.
Prefix: .
PID: `14884`      By: System
[13/11/2020 22:17]: STREAMING: corporals getting freeranked      By: System
[13/11/2020 22:18]: Bot started up.
Prefix: .
PID: `19704`      By: System
[13/11/2020 22:18]: STREAMING: your personal data      By: System
[13/11/2020 22:20]: Bot started up.
Prefix: .
PID: `5532`      By: System
[13/11/2020 22:20]: WATCHING: V4P0R      By: System
[13/11/2020 22:21]: Bot started up.
Prefix: .
PID: `16348`      By: System
[13/11/2020 22:21]: PLAYING: Willemskazerne      By: System
[13/11/2020 22:21]: Bot started up.
Prefix: .
PID: `15296`      By: System
[13/11/2020 22:21]: WATCHING: V4P0R      By: System
[13/11/2020 22:21]: Bot started up.
Prefix: .
PID: `20420`      By: System
[13/11/2020 22:21]: LISTENING: thecorvette_360's DT      By: System
[13/11/2020 22:22]: Bot started up.
Prefix: .
PID: `1200`      By: System
[13/11/2020 22:22]: STREAMING: your personal data      By: System
[13/11/2020 22:22]: Displayed patrollogs for yllqr      By: <@216120408393383936>
[13/11/2020 22:23]: Bot started up.
Prefix: .
PID: `16908`      By: System
[13/11/2020 22:23]: WATCHING: over the logs      By: System
[13/11/2020 22:24]: Bot started up.
Prefix: .
PID: `16712`      By: System
[13/11/2020 22:24]: PLAYING: with {username}'s logs      By: System
[13/11/2020 22:24]: Displayed patrollogs for yllqr      By: <@216120408393383936>
[13/11/2020 22:25]: Bot started up.
Prefix: .
PID: `6364`      By: System
[13/11/2020 22:25]: PLAYING: with your girlfriend      By: System
[13/11/2020 22:25]: Displayed patrollogs for yllqr      By: <@216120408393383936>
[13/11/2020 22:25]: Created new logfile with name Abnormaalz      By: <@216120408393383936>
[13/11/2020 22:25]: Written data to Abnormaalz.json      By: <@216120408393383936>
[13/11/2020 22:26]: Displayed patrollogs for Abnormaalz      By: <@216120408393383936>
[13/11/2020 22:26]: Bot started up.
Prefix: .
PID: `16712`      By: System
[13/11/2020 22:26]: WATCHING: V4P0R      By: System
[13/11/2020 22:27]: Displayed patrollogs for Abnormaalz      By: <@216120408393383936>
[13/11/2020 22:27]: Displayed time for Abnormaalz      By: <@216120408393383936>
[13/11/2020 22:27]: Displayed time for yllqr      By: <@216120408393383936>
[13/11/2020 22:27]: Displayed time for ANDRIS1976      By: <@216120408393383936>
